<?xml version="1.0" encoding="UTF-8"?>
<coverage generated="1769437747490" clover="3.2.0">
  <project timestamp="1769437747490" name="All files">
    <metrics statements="8" coveredstatements="8" conditionals="6" coveredconditionals="5" methods="4" coveredmethods="4" elements="18" coveredelements="17" complexity="0" loc="8" ncloc="8" packages="1" files="1" classes="1"/>
    <file name="calculator.js" path="C:\Users\Hande\Desktop\Chas stuff\html övningar\26012025-ovning\calculator.js">
      <metrics statements="8" coveredstatements="8" conditionals="6" coveredconditionals="5" methods="4" coveredmethods="4"/>
      <line num="4" count="3" type="stmt"/>
      <line num="8" count="2" type="stmt"/>
      <line num="12" count="4" type="stmt"/>
      <line num="16" count="4" type="cond" truecount="2" falsecount="0"/>
      <line num="17" count="2" type="stmt"/>
      <line num="19" count="2" type="stmt"/>
      <line num="23" count="1" type="cond" truecount="3" falsecount="1"/>
      <line num="24" count="1" type="stmt"/>
    </file>
  </project>
</coverage>
