{"C:\\Users\\Hande\\Desktop\\Chas stuff\\html övningar\\26012025-ovning\\calculator.js": {"path":"C:\\Users\\Hande\\Desktop\\Chas stuff\\html övningar\\26012025-ovning\\calculator.js","statementMap":{"0":{"start":{"line":4,"column":4},"end":{"line":4,"column":17}},"1":{"start":{"line":8,"column":4},"end":{"line":8,"column":17}},"2":{"start":{"line":12,"column":4},"end":{"line":12,"column":17}},"3":{"start":{"line":16,"column":4},"end":{"line":18,"column":3}},"4":{"start":{"line":17,"column":4},"end":{"line":17,"column":55}},"5":{"start":{"line":19,"column":2},"end":{"line":19,"column":15}},"6":{"start":{"line":23,"column":0},"end":{"line":25,"column":1}},"7":{"start":{"line":24,"column":4},"end":{"line":24,"column":57}}},"fnMap":{"0":{"name":"add","decl":{"start":{"line":3,"column":9},"end":{"line":3,"column":12}},"loc":{"start":{"line":3,"column":19},"end":{"line":5,"column":1}},"line":3},"1":{"name":"subtract","decl":{"start":{"line":7,"column":9},"end":{"line":7,"column":17}},"loc":{"start":{"line":7,"column":24},"end":{"line":9,"column":1}},"line":7},"2":{"name":"multiply","decl":{"start":{"line":11,"column":9},"end":{"line":11,"column":17}},"loc":{"start":{"line":11,"column":24},"end":{"line":13,"column":1}},"line":11},"3":{"name":"divide","decl":{"start":{"line":15,"column":9},"end":{"line":15,"column":15}},"loc":{"start":{"line":15,"column":22},"end":{"line":20,"column":1}},"line":15}},"branchMap":{"0":{"loc":{"start":{"line":16,"column":4},"end":{"line":18,"column":3}},"type":"if","locations":[{"start":{"line":16,"column":4},"end":{"line":18,"column":3}},{"start":{},"end":{}}],"line":16},"1":{"loc":{"start":{"line":23,"column":0},"end":{"line":25,"column":1}},"type":"if","locations":[{"start":{"line":23,"column":0},"end":{"line":25,"column":1}},{"start":{},"end":{}}],"line":23},"2":{"loc":{"start":{"line":23,"column":4},"end":{"line":23,"column":51}},"type":"binary-expr","locations":[{"start":{"line":23,"column":4},"end":{"line":23,"column":33}},{"start":{"line":23,"column":37},"end":{"line":23,"column":51}}],"line":23}},"s":{"0":3,"1":2,"2":4,"3":4,"4":2,"5":2,"6":1,"7":1},"f":{"0":3,"1":2,"2":4,"3":4},"b":{"0":[2,2],"1":[1,0],"2":[1,1]},"_coverageSchema":"1a1c01bbd47fc00a2c39e90264f33305004495a9","hash":"4f9a2c8eb8df95ecf89297551db0f1f7d1367968"}
}
